<?xml version="1.0" encoding="UTF-8" ?>
<testsuite failures="0" time="0.509" errors="0" skipped="0" tests="66" name="com.worizon.junit.rpc.RpcTest">
  <properties>
[...]
</properties>
  <testcase time="0.003" classname="com.worizon.junit.rpc.RpcTest" name="testRemoteParam"/>
  <testcase time="0.002" classname="com.worizon.junit.rpc.RpcTest" name="testNonRemoteInterface"/>
  <testcase time="0.235" classname="com.worizon.junit.rpc.RpcTest" name="testNonAnotattedParams"/>
  <testcase time="0.006" classname="com.worizon.junit.rpc.RpcTest" name="testAnnottedParamsNumberMismath"/>
  <testcase time="0.006" classname="com.worizon.junit.rpc.RpcTest" name="testRemoteInterfaceWithHashMapParamAnnotatedWithParamsName"/>
  <testcase time="0.006" classname="com.worizon.junit.rpc.RpcTest" name="testRemoteInterfaceWithListParamAnnotatedWithParamsName"/>
  <testcase time="0.005" classname="com.worizon.junit.rpc.RpcTest" name="testRemoteInterfaceWithNamedParameters"/>
  <testcase time="0.005" classname="com.worizon.junit.rpc.RpcTest" name="testRemoteInterfaceWithNumberedParameters"/>
  <testcase time="0.006" classname="com.worizon.junit.rpc.RpcTest" name="testRemoteInterfaceWithNamedObjectParameters"/>
  <testcase time="0.006" classname="com.worizon.junit.rpc.RpcTest" name="testRemoteInterfaceWithNnumberedObjectParameters"/>
  <testcase time="0.011" classname="com.worizon.junit.rpc.RpcTest" name="testRemoteInterfaceProcName"/>
  <testcase time="0.006" classname="com.worizon.junit.rpc.RpcTest" name="testJsonRpcExceptionParseError"/>
  <testcase time="0.003" classname="com.worizon.junit.rpc.RpcTest" name="testJsonRpcExceptionInvalidRequest"/>
  <testcase time="0.002" classname="com.worizon.junit.rpc.RpcTest" name="testJsonRpcExceptionMethodNotFound"/>
  <testcase time="0.002" classname="com.worizon.junit.rpc.RpcTest" name="testJsonRpcExceptionInvalidParams"/>
  <testcase time="0.004" classname="com.worizon.junit.rpc.RpcTest" name="testJsonRpcExceptionInternalError"/>
  <testcase time="0.003" classname="com.worizon.junit.rpc.RpcTest" name="testRemoteException"/>
  <testcase time="0.011" classname="com.worizon.junit.rpc.RpcTest" name="testRemoteExceptionMapedLocalException"/>
  <testcase time="0.005" classname="com.worizon.junit.rpc.RpcTest" name="testRemoteExceptionMapedLocalExceptionFailure"/>
  <testcase time="0.002" classname="com.worizon.junit.rpc.RpcTest" name="testCall1"/>
  <testcase time="0.003" classname="com.worizon.junit.rpc.RpcTest" name="testCall2"/>
  <testcase time="0.004" classname="com.worizon.junit.rpc.RpcTest" name="testCall3"/>
  <testcase time="0.003" classname="com.worizon.junit.rpc.RpcTest" name="testCallVoid"/>
  <testcase time="0.003" classname="com.worizon.junit.rpc.RpcTest" name="testCallVoidOrderedParams"/>
  <testcase time="0.003" classname="com.worizon.junit.rpc.RpcTest" name="testCallVoidNamedParams"/>
  <testcase time="0.002" classname="com.worizon.junit.rpc.RpcTest" name="testCallVoidNamedParamsWithException"/>
  <testcase time="0.002" classname="com.worizon.junit.rpc.RpcTest" name="testCallInteger"/>
  <testcase time="0.002" classname="com.worizon.junit.rpc.RpcTest" name="testCallIntegerOrderedParams"/>
  <testcase time="0.002" classname="com.worizon.junit.rpc.RpcTest" name="testCallIntegerNamedParams"/>
  <testcase time="0.003" classname="com.worizon.junit.rpc.RpcTest" name="testCallIntegerArray"/>
  <testcase time="0.004" classname="com.worizon.junit.rpc.RpcTest" name="testCallIntegerArrayParams"/>
  <testcase time="0.003" classname="com.worizon.junit.rpc.RpcTest" name="testCallDouble"/>
  <testcase time="0.004" classname="com.worizon.junit.rpc.RpcTest" name="testCallDoubleOrderedParams"/>
  <testcase time="0.003" classname="com.worizon.junit.rpc.RpcTest" name="testCallDoubleNamedParams"/>
  <testcase time="0.004" classname="com.worizon.junit.rpc.RpcTest" name="testCallDoubleArray"/>
  <testcase time="0.003" classname="com.worizon.junit.rpc.RpcTest" name="testCallDoubleArrayParams"/>
  <testcase time="0.002" classname="com.worizon.junit.rpc.RpcTest" name="testCallFloat"/>
  <testcase time="0.002" classname="com.worizon.junit.rpc.RpcTest" name="testCallFloatOrderedParams"/>
  <testcase time="0.002" classname="com.worizon.junit.rpc.RpcTest" name="testCallFloatNamedParams"/>
  <testcase time="0.002" classname="com.worizon.junit.rpc.RpcTest" name="testCallFloatArray"/>
  <testcase time="0.002" classname="com.worizon.junit.rpc.RpcTest" name="testCallFloatArrayParams"/>
  <testcase time="0.002" classname="com.worizon.junit.rpc.RpcTest" name="testCallString"/>
  <testcase time="0.002" classname="com.worizon.junit.rpc.RpcTest" name="testCallStringOrderedParams"/>
  <testcase time="0.002" classname="com.worizon.junit.rpc.RpcTest" name="testCallStringNamedParams"/>
  <testcase time="0.002" classname="com.worizon.junit.rpc.RpcTest" name="testCallStringArray"/>
  <testcase time="0.003" classname="com.worizon.junit.rpc.RpcTest" name="testCallStringArrayParams"/>
  <testcase time="0.002" classname="com.worizon.junit.rpc.RpcTest" name="testCallBoolean"/>
  <testcase time="0.002" classname="com.worizon.junit.rpc.RpcTest" name="testCallBooleanOrderedParams"/>
  <testcase time="0.002" classname="com.worizon.junit.rpc.RpcTest" name="testCallBooleanNamedParams"/>
  <testcase time="0.002" classname="com.worizon.junit.rpc.RpcTest" name="testCallBooleanArray"/>
  <testcase time="0.002" classname="com.worizon.junit.rpc.RpcTest" name="testCallBooleanArrayParams"/>
  <testcase time="0.002" classname="com.worizon.junit.rpc.RpcTest" name="testCallShort"/>
  <testcase time="0.002" classname="com.worizon.junit.rpc.RpcTest" name="testCallShortOrderedParams"/>
  <testcase time="0.002" classname="com.worizon.junit.rpc.RpcTest" name="testCallShortNamedParams"/>
  <testcase time="0.002" classname="com.worizon.junit.rpc.RpcTest" name="testCallShortArray"/>
  <testcase time="0.003" classname="com.worizon.junit.rpc.RpcTest" name="testCallShortArrayParams"/>
  <testcase time="0.002" classname="com.worizon.junit.rpc.RpcTest" name="testCallLong"/>
  <testcase time="0.002" classname="com.worizon.junit.rpc.RpcTest" name="testCallLongOrderedParams"/>
  <testcase time="0.002" classname="com.worizon.junit.rpc.RpcTest" name="testCallLongNamedParams"/>
  <testcase time="0.002" classname="com.worizon.junit.rpc.RpcTest" name="testCallLongArray"/>
  <testcase time="0.003" classname="com.worizon.junit.rpc.RpcTest" name="testCallLongArrayParams"/>
  <testcase time="0.002" classname="com.worizon.junit.rpc.RpcTest" name="testCallChar"/>
  <testcase time="0.002" classname="com.worizon.junit.rpc.RpcTest" name="testCallCharOrderedParams"/>
  <testcase time="0.003" classname="com.worizon.junit.rpc.RpcTest" name="testCallCharNamedParams"/>
  <testcase time="0.004" classname="com.worizon.junit.rpc.RpcTest" name="testCallCharArray"/>
  <testcase time="0.006" classname="com.worizon.junit.rpc.RpcTest" name="testCallCharArrayParams"/>
</testsuite>